# ambiguous
http://www.amazon.com/Acer-Iconia-W510-1422-10-1-Inch-Keyboard/product-reviews/B009P7JJEC/ref=dp_top_cm_cr_acr_txt?ie=UTF8&showViewpoints=1
http://www.amazon.com/PADPhone-AMOLED-Screen-Android-MT6577-1-2GHZ/product-reviews/B009UYSZU4/ref=sr_1_1_cm_cr_acr_txt?ie=UTF8&showViewpoints=1
http://www.amazon.com/Transformer-TF300-T-B1-BL-10-1-Inch-Tablet/product-reviews/B007P4YAPK/ref=dp_top_cm_cr_acr_txt?ie=UTF8&showViewpoints=1
# related
## tablets
http://www.amazon.com/Kindle-Fire-HD-9-inch/product-reviews/B008GFRE5A/ref=sr_tr_2_cm_cr_acr_txt?ie=UTF8&showViewpoints=1
http://www.amazon.com/Chromo-Android-Capacitive-Screen-1-2ghz/product-reviews/B009W49ALA/ref=sr_1_7_cm_cr_acr_txt?ie=UTF8&showViewpoints=1
http://www.amazon.com/Zeepad-Allwinnwer-Boxchip-Android-Capacity/product-reviews/B008Z2661W/ref=dp_top_cm_cr_acr_txt?ie=UTF8&showViewpoints=1
http://www.amazon.com/Coby-7-Inch-Android-Internet-Tablet/product-reviews/B0093XTHI6/ref=pr_all_summary_cm_cr_acr_txt?ie=UTF8&showViewpoints=1
## laptops
http://www.amazon.com/Apple-iBook-G4-Processor-installed/product-reviews/B001CGHH98/ref=pr_all_summary_cm_cr_acr_txt?ie=UTF8&showViewpoints=1
http://www.amazon.com/IBM-Thinkpad-T42-Laptop/product-reviews/B001QGGL3W/ref=pr_all_summary_cm_cr_acr_txt?ie=UTF8&showViewpoints=1
http://www.amazon.com/Compaq-Presario-CQ62-410US-15-6-Inch-Notebook/product-reviews/B004G5ZUFK/ref=sr_1_5_cm_cr_acr_txt?ie=UTF8&showViewpoints=1
http://www.amazon.com/Alienware-AM11X-2894CSB-11-6-Inch-Laptop-Cosmic/product-reviews/B003LPUYI4/ref=sr_1_24_cm_cr_acr_txt?ie=UTF8&showViewpoints=1
## cameras
http://www.amazon.com/Canon-8-2MP-Digital-Camera-Body/product-reviews/B0002XQI2E/ref=pr_all_summary_cm_cr_acr_txt?ie=UTF8&showViewpoints=1
http://www.amazon.com/Nikon-16-2MP-DX-Format-Digital-3-0-Inch/product-reviews/B0042X9LC4/ref=sr_1_6_cm_cr_acr_txt?ie=UTF8&showViewpoints=1
http://www.amazon.com/Konica-Minolta-Dimage-Digital-Anti-Shake/product-reviews/B000AOFVZK/ref=sr_1_22_cm_cr_acr_txt?ie=UTF8&showViewpoints=1
http://www.amazon.com/Pentax-Optio-WG-2-Digital-Camera/product-reviews/B0078KP0SM/ref=sr_1_4_cm_cr_acr_txt?ie=UTF8&showViewpoints=1
## cellphones
http://www.amazon.com/Nokia-C2-01-5-Unlocked-Player--U-S-Warranty/product-reviews/B004NLTWFG/ref=sr_1_4_cm_cr_acr_txt?ie=UTF8&showViewpoints=1
http://www.amazon.com/Nokia-XpressMusic-Unlocked-Touchscreen--U-S-Warranty/product-reviews/B002KQ5LGA/ref=sr_1_18_cm_cr_acr_txt?ie=UTF8&showViewpoints=1
http://www.amazon.com/Sony-ST25A-BP-Unlocked-3-5-Inch-Touchscreen--U-S/product-reviews/B008D09MSU/ref=sr_1_14_cm_cr_acr_txt?ie=UTF8&showViewpoints=1
http://www.amazon.com/ZTE-Warp-Android-Smartphone-Mobile/product-reviews/B006PGXXOS/ref=sr_1_4_cm_cr_acr_txt?ie=UTF8&showViewpoints=1
# not related
http://www.amazon.com/Casio-AMW330D-1AV-Chronograph-Stainless-Steel/product-reviews/B0013M6B20/ref=pr_all_summary_cm_cr_acr_txt?ie=UTF8&showViewpoints=1
http://www.amazon.com/Sony-BRAVIA-KDL-46V5100-46-Inch-1080p/product-reviews/B001T9N0EO/ref=sr_1_4_cm_cr_acr_txt?ie=UTF8&showViewpoints=1
http://www.amazon.com/Wii-Sports-Resort-Black-Nintendo/product-reviews/B003EH0BQ4/ref=sr_1_1_cm_cr_acr_txt?ie=UTF8&showViewpoints=1
http://www.amazon.com/Sony-CDP-CE500-Compact-Disc-Player/product-reviews/B004NQU4YY/ref=sr_1_1_cm_cr_acr_txt?ie=UTF8&showViewpoints=1
